<?xml version="1.0" encoding="UTF-8"?>
<!-- Generated by org.testng.reporters.JUnitReportReporter -->
<testsuite hostname="Rathnavels-MBP.home" failures="0" tests="2" name="testDay1.Testcase1" time="0.016" errors="0" timestamp="2020-02-23T23:20:47 EST" skipped="0">
  <testcase classname="testDay1.Testcase1" name="Demo" time="0.015"/>
  <testcase classname="testDay1.Testcase1" name="secondtest" time="0.001"/>
</testsuite> <!-- testDay1.Testcase1 -->
